<?xml version="1.0" encoding="utf-8"?><testsuites><testsuite name="pytest" errors="0" failures="0" skipped="0" tests="14" time="0.879" timestamp="2023-09-18T14:37:23.032002" hostname="fv-az614-767"><testcase classname="lettings.tests" name="test_lettings_index_view" time="0.349" /><testcase classname="lettings.tests" name="test_lettings_letting_view" time="0.014" /><testcase classname="lettings.tests.TestModels" name="test_address_model" time="0.003" /><testcase classname="lettings.tests.TestModels" name="test_letting_model" time="0.003" /><testcase classname="oc_lettings_site.tests" name="test_profiles_index_url" time="0.004" /><testcase classname="oc_lettings_site.tests" name="test_index_view" time="0.056" /><testcase classname="profiles.tests" name="test_profiles_index_url" time="0.004" /><testcase classname="profiles.tests" name="test_profiles_letting_url" time="0.004" /><testcase classname="profiles.tests" name="test_profiles_index_view" time="0.090" /><testcase classname="profiles.tests" name="test_profiles_profile_view" time="0.008" /><testcase classname="profiles.tests" name="test_profile_model" time="0.003" /><testcase classname="lettings.tests" name="test_lettings_index_url" time="0.001" /><testcase classname="lettings.tests" name="test_lettings_letting_url" time="0.001" /><testcase classname="oc_lettings_site.tests" name="test_dummy" time="0.005" /></testsuite></testsuites>