<?xml version="1.0" encoding="utf-8"?><testsuites><testsuite name="pytest" errors="0" failures="0" skipped="0" tests="14" time="0.833" timestamp="2023-09-18T14:27:42.206082" hostname="fv-az587-779"><testcase classname="lettings.tests" name="test_lettings_index_view" time="0.264" /><testcase classname="lettings.tests" name="test_lettings_letting_view" time="0.009" /><testcase classname="lettings.tests.TestModels" name="test_address_model" time="0.003" /><testcase classname="lettings.tests.TestModels" name="test_letting_model" time="0.003" /><testcase classname="oc_lettings_site.tests" name="test_profiles_index_url" time="0.003" /><testcase classname="oc_lettings_site.tests" name="test_index_view" time="0.038" /><testcase classname="profiles.tests" name="test_profiles_index_url" time="0.004" /><testcase classname="profiles.tests" name="test_profiles_letting_url" time="0.004" /><testcase classname="profiles.tests" name="test_profiles_index_view" time="0.085" /><testcase classname="profiles.tests" name="test_profiles_profile_view" time="0.008" /><testcase classname="profiles.tests" name="test_profile_model" time="0.003" /><testcase classname="lettings.tests" name="test_lettings_index_url" time="0.001" /><testcase classname="lettings.tests" name="test_lettings_letting_url" time="0.001" /><testcase classname="oc_lettings_site.tests" name="test_dummy" time="0.004" /></testsuite></testsuites>