<?xml version="1.0" encoding="utf-8"?><testsuites><testsuite name="pytest" errors="0" failures="0" skipped="0" tests="16" time="1.037" timestamp="2023-09-21T17:46:14.907056" hostname="fv-az396-74"><testcase classname="lettings.tests" name="test_lettings_index_view" time="0.237" /><testcase classname="lettings.tests" name="test_lettings_letting_view" time="0.010" /><testcase classname="lettings.tests.TestModels" name="test_address_model" time="0.002" /><testcase classname="lettings.tests.TestModels" name="test_letting_model" time="0.003" /><testcase classname="oc_lettings_site.tests" name="test_profiles_index_url" time="0.002" /><testcase classname="oc_lettings_site.tests" name="test_trigger_error_url_resolves" time="0.002" /><testcase classname="oc_lettings_site.tests" name="test_index_view" time="0.042" /><testcase classname="oc_lettings_site.tests" name="test_trigger_error_view" time="0.118" /><testcase classname="profiles.tests" name="test_profiles_index_url" time="0.004" /><testcase classname="profiles.tests" name="test_profiles_letting_url" time="0.003" /><testcase classname="profiles.tests" name="test_profiles_index_view" time="0.046" /><testcase classname="profiles.tests" name="test_profiles_profile_view" time="0.008" /><testcase classname="profiles.tests" name="test_profile_model" time="0.003" /><testcase classname="lettings.tests" name="test_lettings_index_url" time="0.001" /><testcase classname="lettings.tests" name="test_lettings_letting_url" time="0.001" /><testcase classname="oc_lettings_site.tests" name="test_dummy" time="0.005" /></testsuite></testsuites>